<?xml version="1.0" encoding="UTF-8"?>
<!-- Generated by org.testng.reporters.JUnitReportReporter -->
<testsuite hostname="TL1100" failures="0" tests="1" name="testcase.TC_002" time="14.119" errors="0" timestamp="2023-07-19T11:54:06 IST" skipped="0">
  <testcase classname="testcase.TC_002" name="CreateLead" time="14.119"/>
  <system-out/>
</testsuite> <!-- testcase.TC_002 -->
