<?xml version="1.0" encoding="UTF-8"?>
<!-- Generated by org.testng.reporters.JUnitReportReporter -->
<testsuite hostname="TL1100" failures="0" tests="1" name="challenges.UploadFile" time="7.082" errors="0" timestamp="2023-07-26T11:30:11 IST" skipped="0">
  <testcase classname="challenges.UploadFile" name="upload" time="7.082"/>
  <system-out/>
</testsuite> <!-- challenges.UploadFile -->
