<?xml version="1.0" encoding="UTF-8"?>
<!-- Generated by org.testng.reporters.JUnitReportReporter -->
<testsuite hostname="TL1100" failures="0" tests="3" name="challenges.DynamicData" time="78.536" errors="0" timestamp="2023-07-26T12:19:55 IST" skipped="0">
  <testcase classname="challenges.DynamicData" name="learnToCreate" time="27.286"/>
  <system-out/>
  <testcase classname="challenges.DynamicData" name="learnToCreate" time="24.775"/>
  <system-out/>
  <testcase classname="challenges.DynamicData" name="learnToCreate" time="26.475"/>
  <system-out/>
</testsuite> <!-- challenges.DynamicData -->
