<?xml version="1.0" encoding="UTF-8"?>
<!-- Generated by org.testng.reporters.JUnitReportReporter -->
<testsuite hostname="TL1100" failures="0" tests="1" name="challenges.AlertSnap" time="11.385" errors="0" timestamp="2023-07-26T11:57:17 IST" skipped="0">
  <testcase classname="challenges.AlertSnap" name="alertSnap" time="11.385"/>
  <system-out/>
</testsuite> <!-- challenges.AlertSnap -->
