<?xml version="1.0" encoding="UTF-8"?>
<!-- Generated by org.testng.reporters.JUnitReportReporter -->
<testsuite hostname="TL1100" failures="0" tests="1" name="challenges.RunInHeadless" time="22.127" errors="0" timestamp="2023-07-26T11:45:18 IST" skipped="0">
  <testcase classname="challenges.RunInHeadless" name="runDemo" time="22.127"/>
  <system-out/>
</testsuite> <!-- challenges.RunInHeadless -->
