<?xml version="1.0" encoding="UTF-8"?>
<!-- Generated by org.testng.reporters.JUnitReportReporter -->
<testsuite hostname="QA1073" failures="0" tests="1" name="challenges.DataBaseConnection" time="2.942" errors="0" timestamp="2023-07-22T14:01:55 IST" skipped="0">
  <testcase classname="challenges.DataBaseConnection" name="findLead" time="2.942"/>
  <system-out/>
</testsuite> <!-- challenges.DataBaseConnection -->
